<?xml version="1.0" encoding="UTF-8"?>
<!-- Generated by org.testng.reporters.JUnitReportReporter -->
<testsuite skipped="0" hostname="DESKTOP-O6S8VEP" name="org.kff.tests.KffTest" tests="2" failures="0" timestamp="30 Jul 2018 18:43:06 GMT" time="18.935" errors="0">
  <testcase name="testTitleMenuCalc" time="8.018" classname="org.kff.tests.KffTest"/>
  <testcase name="testMenuFunction" time="10.917" classname="org.kff.tests.KffTest"/>
</testsuite> <!-- org.kff.tests.KffTest -->
